26-09-2019 19:57:26.203 [restartedMain] INFO  c.e.t.app.SpringTeacherApplication.logStartupProfileInfo - No active profile set, falling back to default profiles: default
26-09-2019 19:57:27.475 [restartedMain] INFO  o.s.d.r.c.RepositoryConfigurationDelegate.registerRepositoriesIn - Bootstrapping Spring Data repositories in DEFAULT mode.
26-09-2019 19:57:27.545 [restartedMain] INFO  o.s.d.r.c.RepositoryConfigurationDelegate.registerRepositoriesIn - Finished Spring Data repository scanning in 66ms. Found 1 repository interfaces.
26-09-2019 19:57:27.550 [restartedMain] INFO  o.s.d.r.c.RepositoryConfigurationDelegate.registerRepositoriesIn - Bootstrapping Spring Data repositories in DEFAULT mode.
26-09-2019 19:57:27.556 [restartedMain] INFO  o.s.d.r.c.RepositoryConfigurationDelegate.registerRepositoriesIn - Finished Spring Data repository scanning in 5ms. Found 0 repository interfaces.
26-09-2019 19:57:27.707 [restartedMain] WARN  o.s.boot.actuate.endpoint.EndpointId.logWarning - Endpoint ID 'service-registry' contains invalid characters, please migrate to a valid format.
26-09-2019 19:57:27.900 [restartedMain] INFO  o.s.cloud.context.scope.GenericScope.setSerializationId - BeanFactory id=79a793ae-3808-37a4-b53e-49cdda08c236
26-09-2019 19:57:28.010 [restartedMain] INFO  o.s.c.s.PostProcessorRegistrationDelegate$BeanPostProcessorChecker.postProcessAfterInitialization - Bean 'org.springframework.cloud.autoconfigure.ConfigurationPropertiesRebinderAutoConfiguration' of type [org.springframework.cloud.autoconfigure.ConfigurationPropertiesRebinderAutoConfiguration$$EnhancerBySpringCGLIB$$94cc30dd] is not eligible for getting processed by all BeanPostProcessors (for example: not eligible for auto-proxying)
26-09-2019 19:57:28.879 [restartedMain] INFO  org.mongodb.driver.cluster.info - Cluster created with settings {hosts=[localhost:27017], mode=SINGLE, requiredClusterType=UNKNOWN, serverSelectionTimeout='30000 ms', maxWaitQueueSize=500}
26-09-2019 19:57:29.697 [restartedMain] INFO  org.mongodb.driver.cluster.info - Cluster created with settings {hosts=[localhost:27017], mode=MULTIPLE, requiredClusterType=UNKNOWN, serverSelectionTimeout='30000 ms', maxWaitQueueSize=500}
26-09-2019 19:57:29.698 [restartedMain] INFO  org.mongodb.driver.cluster.info - Adding discovered server localhost:27017 to client view of cluster
26-09-2019 19:57:29.727 [cluster-ClusterId{value='5d8d5e79b6195b306cb3ccb3', description='null'}-localhost:27017] INFO  org.mongodb.driver.connection.info - Opened connection [connectionId{localValue:2, serverValue:2292}] to localhost:27017
26-09-2019 19:57:29.733 [cluster-ClusterId{value='5d8d5e79b6195b306cb3ccb3', description='null'}-localhost:27017] INFO  org.mongodb.driver.cluster.info - Monitor thread successfully connected to server with description ServerDescription{address=localhost:27017, type=STANDALONE, state=CONNECTED, ok=true, version=ServerVersion{versionList=[4, 2, 0]}, minWireVersion=0, maxWireVersion=8, maxDocumentSize=16777216, logicalSessionTimeoutMinutes=30, roundTripTimeNanos=3139286}
26-09-2019 19:57:29.735 [cluster-ClusterId{value='5d8d5e79b6195b306cb3ccb3', description='null'}-localhost:27017] INFO  org.mongodb.driver.cluster.info - Discovered cluster type of STANDALONE
26-09-2019 19:57:30.054 [restartedMain] WARN  o.s.b.d.a.OptionalLiveReloadServer.startServer - Unable to start LiveReload server
26-09-2019 19:57:30.326 [cluster-ClusterId{value='5d8d5e78b6195b306cb3ccb2', description='null'}-localhost:27017] INFO  org.mongodb.driver.connection.info - Opened connection [connectionId{localValue:1, serverValue:2293}] to localhost:27017
26-09-2019 19:57:30.329 [cluster-ClusterId{value='5d8d5e78b6195b306cb3ccb2', description='null'}-localhost:27017] INFO  org.mongodb.driver.cluster.info - Monitor thread successfully connected to server with description ServerDescription{address=localhost:27017, type=STANDALONE, state=CONNECTED, ok=true, version=ServerVersion{versionList=[4, 2, 0]}, minWireVersion=0, maxWireVersion=8, maxDocumentSize=16777216, logicalSessionTimeoutMinutes=30, roundTripTimeNanos=2279798}
26-09-2019 19:57:31.496 [restartedMain] WARN  c.n.c.sources.URLConfigurationSource.<init> - No URLs will be polled as dynamic configuration sources.
26-09-2019 19:57:31.497 [restartedMain] INFO  c.n.c.sources.URLConfigurationSource.<init> - To enable URLs as dynamic configuration sources, define System property archaius.configurationSource.additionalUrls or make config.properties available on classpath.
26-09-2019 19:57:31.517 [restartedMain] INFO  c.n.config.DynamicPropertyFactory.getInstance - DynamicPropertyFactory is initialized with configuration sources: com.netflix.config.ConcurrentCompositeConfiguration@62a76b35
26-09-2019 19:57:31.735 [restartedMain] INFO  o.s.b.a.e.web.EndpointLinksResolver.<init> - Exposing 20 endpoint(s) beneath base path '/actuator'
26-09-2019 19:57:31.946 [restartedMain] WARN  c.n.c.sources.URLConfigurationSource.<init> - No URLs will be polled as dynamic configuration sources.
26-09-2019 19:57:31.948 [restartedMain] INFO  c.n.c.sources.URLConfigurationSource.<init> - To enable URLs as dynamic configuration sources, define System property archaius.configurationSource.additionalUrls or make config.properties available on classpath.
26-09-2019 19:57:33.693 [restartedMain] INFO  o.s.c.n.eureka.InstanceInfoFactory.create - Setting initial instance status as: STARTING
26-09-2019 19:57:33.766 [restartedMain] INFO  c.netflix.discovery.DiscoveryClient.<init> - Initializing Eureka in region us-east-1
26-09-2019 19:57:33.839 [restartedMain] INFO  c.n.d.p.DiscoveryJerseyProvider.<init> - Using JSON encoding codec LegacyJacksonJson
26-09-2019 19:57:33.839 [restartedMain] INFO  c.n.d.p.DiscoveryJerseyProvider.<init> - Using JSON decoding codec LegacyJacksonJson
26-09-2019 19:57:33.992 [restartedMain] INFO  c.n.d.p.DiscoveryJerseyProvider.<init> - Using XML encoding codec XStreamXml
26-09-2019 19:57:33.992 [restartedMain] INFO  c.n.d.p.DiscoveryJerseyProvider.<init> - Using XML decoding codec XStreamXml
26-09-2019 19:57:34.716 [restartedMain] INFO  c.n.d.s.r.aws.ConfigClusterResolver.getClusterEndpoints - Resolving eureka endpoints via configuration
26-09-2019 19:57:35.095 [restartedMain] INFO  c.netflix.discovery.DiscoveryClient.fetchRegistry - Disable delta property : false
26-09-2019 19:57:35.095 [restartedMain] INFO  c.netflix.discovery.DiscoveryClient.fetchRegistry - Single vip registry refresh property : null
26-09-2019 19:57:35.096 [restartedMain] INFO  c.netflix.discovery.DiscoveryClient.fetchRegistry - Force full registry fetch : false
26-09-2019 19:57:35.096 [restartedMain] INFO  c.netflix.discovery.DiscoveryClient.fetchRegistry - Application is null : false
26-09-2019 19:57:35.097 [restartedMain] INFO  c.netflix.discovery.DiscoveryClient.fetchRegistry - Registered Applications size is zero : true
26-09-2019 19:57:35.097 [restartedMain] INFO  c.netflix.discovery.DiscoveryClient.fetchRegistry - Application version is -1: true
26-09-2019 19:57:35.097 [restartedMain] INFO  c.netflix.discovery.DiscoveryClient.getAndStoreFullRegistry - Getting all instance registry info from the eureka server
26-09-2019 19:57:35.570 [restartedMain] INFO  c.netflix.discovery.DiscoveryClient.getAndStoreFullRegistry - The response status is 200
26-09-2019 19:57:35.574 [restartedMain] INFO  c.netflix.discovery.DiscoveryClient.initScheduledTasks - Starting heartbeat executor: renew interval is: 30
26-09-2019 19:57:35.578 [restartedMain] INFO  c.n.discovery.InstanceInfoReplicator.<init> - InstanceInfoReplicator onDemand update allowed rate per min is 4
26-09-2019 19:57:35.585 [restartedMain] INFO  c.netflix.discovery.DiscoveryClient.<init> - Discovery Client initialized at timestamp 1569545855583 with initial instances count: 0
26-09-2019 19:57:35.586 [restartedMain] INFO  o.s.c.n.e.s.EurekaServiceRegistry.register - Registering application SPRING-TEACHERS with eureka with status UP
26-09-2019 19:57:35.587 [restartedMain] INFO  c.netflix.discovery.DiscoveryClient.notify - Saw local status change event StatusChangeEvent [timestamp=1569545855587, current=UP, previous=STARTING]
26-09-2019 19:57:35.589 [DiscoveryClient-InstanceInfoReplicator-0] INFO  c.netflix.discovery.DiscoveryClient.register - DiscoveryClient_SPRING-TEACHERS/LIM-BF4WDC2.usersad.everis.int:spring-teachers:8087: registering service...
26-09-2019 19:57:35.589 [restartedMain] INFO  s.d.s.w.p.DocumentationPluginsBootstrapper.start - Documentation plugins bootstrapped
26-09-2019 19:57:35.599 [restartedMain] INFO  s.d.s.w.p.DocumentationPluginsBootstrapper.bootstrapDocumentationPlugins - Found 1 custom documentation plugin(s)
26-09-2019 19:57:35.643 [restartedMain] INFO  s.d.s.w.s.ApiListingReferenceScanner.scan - Scanning for api listing references
26-09-2019 19:57:35.953 [restartedMain] INFO  o.s.b.w.e.netty.NettyWebServer.start - Netty started on port(s): 8087
26-09-2019 19:57:35.955 [restartedMain] INFO  o.s.c.n.e.s.EurekaAutoServiceRegistration.onApplicationEvent - Updating port to 8087
26-09-2019 19:57:36.369 [DiscoveryClient-InstanceInfoReplicator-0] INFO  c.netflix.discovery.DiscoveryClient.register - DiscoveryClient_SPRING-TEACHERS/LIM-BF4WDC2.usersad.everis.int:spring-teachers:8087 - registration status: 204
26-09-2019 19:57:36.536 [restartedMain] INFO  c.e.t.app.SpringTeacherApplication.logStarted - Started SpringTeacherApplication in 16.818 seconds (JVM running for 18.373)
26-09-2019 19:58:05.576 [DiscoveryClient-CacheRefreshExecutor-0] INFO  c.netflix.discovery.DiscoveryClient.fetchRegistry - Disable delta property : false
26-09-2019 19:58:05.576 [DiscoveryClient-CacheRefreshExecutor-0] INFO  c.netflix.discovery.DiscoveryClient.fetchRegistry - Single vip registry refresh property : null
26-09-2019 19:58:05.577 [DiscoveryClient-CacheRefreshExecutor-0] INFO  c.netflix.discovery.DiscoveryClient.fetchRegistry - Force full registry fetch : false
26-09-2019 19:58:05.577 [DiscoveryClient-CacheRefreshExecutor-0] INFO  c.netflix.discovery.DiscoveryClient.fetchRegistry - Application is null : false
26-09-2019 19:58:05.577 [DiscoveryClient-CacheRefreshExecutor-0] INFO  c.netflix.discovery.DiscoveryClient.fetchRegistry - Registered Applications size is zero : true
26-09-2019 19:58:05.578 [DiscoveryClient-CacheRefreshExecutor-0] INFO  c.netflix.discovery.DiscoveryClient.fetchRegistry - Application version is -1: false
26-09-2019 19:58:05.578 [DiscoveryClient-CacheRefreshExecutor-0] INFO  c.netflix.discovery.DiscoveryClient.getAndStoreFullRegistry - Getting all instance registry info from the eureka server
26-09-2019 19:58:05.604 [DiscoveryClient-CacheRefreshExecutor-0] INFO  c.netflix.discovery.DiscoveryClient.getAndStoreFullRegistry - The response status is 200
26-09-2019 19:58:13.846 [nioEventLoopGroup-2-2] INFO  org.mongodb.driver.connection.info - Opened connection [connectionId{localValue:3, serverValue:2294}] to localhost:27017
26-09-2019 19:58:22.013 [nioEventLoopGroup-2-2] INFO  c.e.t.a.c.TeacherRestController.lambda$1 - Fernando
26-09-2019 19:58:25.153 [nioEventLoopGroup-2-2] INFO  c.e.t.a.c.TeacherRestController.lambda$2 - Fernando
26-09-2019 19:59:01.575 [RMI TCP Connection(11)-127.0.0.1] INFO  o.s.b.a.SpringApplicationAdminMXBeanRegistrar$SpringApplicationAdmin.shutdown - Application shutdown requested.
26-09-2019 19:59:01.576 [RMI TCP Connection(11)-127.0.0.1] INFO  o.s.c.n.e.s.EurekaServiceRegistry.deregister - Unregistering application SPRING-TEACHERS with eureka with status DOWN
26-09-2019 19:59:01.577 [RMI TCP Connection(11)-127.0.0.1] WARN  c.netflix.discovery.DiscoveryClient.notify - Saw local status change event StatusChangeEvent [timestamp=1569545941577, current=DOWN, previous=UP]
26-09-2019 19:59:01.578 [DiscoveryClient-InstanceInfoReplicator-0] INFO  c.netflix.discovery.DiscoveryClient.register - DiscoveryClient_SPRING-TEACHERS/LIM-BF4WDC2.usersad.everis.int:spring-teachers:8087: registering service...
26-09-2019 19:59:01.587 [DiscoveryClient-InstanceInfoReplicator-0] INFO  c.netflix.discovery.DiscoveryClient.register - DiscoveryClient_SPRING-TEACHERS/LIM-BF4WDC2.usersad.everis.int:spring-teachers:8087 - registration status: 204
26-09-2019 19:59:01.603 [RMI TCP Connection(11)-127.0.0.1] INFO  org.mongodb.driver.connection.info - Closed connection [connectionId{localValue:3, serverValue:2294}] to localhost:27017 because the pool has been closed.
26-09-2019 19:59:03.834 [RMI TCP Connection(11)-127.0.0.1] INFO  c.netflix.discovery.DiscoveryClient.shutdown - Shutting down DiscoveryClient ...
26-09-2019 19:59:06.837 [RMI TCP Connection(11)-127.0.0.1] INFO  c.netflix.discovery.DiscoveryClient.unregister - Unregistering ...
26-09-2019 19:59:06.839 [DiscoveryClient-0] WARN  c.n.discovery.TimedSupervisorTask.run - task supervisor shutting down, can't accept the task
26-09-2019 19:59:06.888 [RMI TCP Connection(11)-127.0.0.1] INFO  c.netflix.discovery.DiscoveryClient.unregister - DiscoveryClient_SPRING-TEACHERS/LIM-BF4WDC2.usersad.everis.int:spring-teachers:8087 - deregister  status: 200
26-09-2019 19:59:06.912 [RMI TCP Connection(11)-127.0.0.1] INFO  c.netflix.discovery.DiscoveryClient.shutdown - Completed shut down of DiscoveryClient
